
[0m[0m
[0m  Note[0m
  [32m  âœ“[0m[90m should be invalid if no title object provided[0m
  [32m  âœ“[0m[90m should be invalid if undefined title object provided[0m
  [32m  âœ“[0m[90m should be invalid if title string is empty[0m
  [32m  âœ“[0m[90m should be invalid if title is too long[0m
  [32m  âœ“[0m[90m should be invalid if content is too long[0m
  [32m  âœ“[0m[90m should be valid if title is correct[0m
  [32m  âœ“[0m[90m should be valid if content is correct[0m


[92m [0m[32m 7 passing[0m[90m (40ms)[0m

