
  Note
    [32m  â€¤[0m[90m 1. Note should be invalid if no title object provided: [0m[90m10ms[0m
    [32m  â€¤[0m[90m 2. Note should be invalid if title string is empty: [0m[90m2ms[0m
    [32m  â€¤[0m[90m 3. Note should be invalid if title is too long: [0m[90m1ms[0m
    [32m  â€¤[0m[90m 4. Note should be invalid if content is too long: [0m[90m1ms[0m
    [32m  â€¤[0m[90m 5. Note should be valid if title is correct: [0m[90m1ms[0m
    [32m  â€¤[0m[90m 6. Note should be valid if content is correct: [0m[90m1ms[0m
    [32m  â€¤[0m[90m 7. Note should have the correct default tab set: [0m[90m0ms[0m
    [32m  â€¤[0m[90m 8. Note should have the date automatically set: [0m[90m0ms[0m

  Suite duration: 0.023 s, Tests: 8

  User
    [32m  â€¤[0m[90m 1. User should be invalid if required fields are missing: [0m[90m1ms[0m
    [32m  â€¤[0m[90m 2. User should be valid if required fields are provided: [0m[90m1ms[0m
    [32m  â€¤[0m[90m 3. User should be invalid if maximum number of notes is exceeded: [0m[90m11ms[0m
    [32m  â€¤[0m[90m 4. User should be valid if maximum number of notes is not exceeded: [0m[90m13ms[0m

  Suite duration: 0.029 s, Tests: 4

[92m [0m[32m 12 passing[0m[90m (57ms)[0m

