<?xml version="1.0" encoding="UTF-8"?>
<testsuites name="Mocha Tests" time="0.049" tests="12" failures="0">
  <testsuite name="Root Suite" timestamp="2016-12-30T11:13:43" tests="0" failures="0" time="0">
  </testsuite>
  <testsuite name="Note" timestamp="2016-12-30T11:13:43" tests="8" failures="0" time="0.016">
    <testcase name="Note 1. Note should be invalid if no title object provided" time="0.009" classname="1. Note should be invalid if no title object provided">
    </testcase>
    <testcase name="Note 2. Note should be invalid if title string is empty" time="0.001" classname="2. Note should be invalid if title string is empty">
    </testcase>
    <testcase name="Note 3. Note should be invalid if title is too long" time="0.001" classname="3. Note should be invalid if title is too long">
    </testcase>
    <testcase name="Note 4. Note should be invalid if content is too long" time="0.002" classname="4. Note should be invalid if content is too long">
    </testcase>
    <testcase name="Note 5. Note should be valid if title is correct" time="0.001" classname="5. Note should be valid if title is correct">
    </testcase>
    <testcase name="Note 6. Note should be valid if content is correct" time="0.002" classname="6. Note should be valid if content is correct">
    </testcase>
    <testcase name="Note 7. Note should have the correct default tab set" time="0" classname="7. Note should have the correct default tab set">
    </testcase>
    <testcase name="Note 8. Note should have the date automatically set" time="0" classname="8. Note should have the date automatically set">
    </testcase>
  </testsuite>
  <testsuite name="User" timestamp="2016-12-30T11:13:43" tests="4" failures="0" time="0.033">
    <testcase name="User 1. User should be invalid if required fields are missing" time="0.003" classname="1. User should be invalid if required fields are missing">
    </testcase>
    <testcase name="User 2. User should be valid if required fields are provided" time="0.001" classname="2. User should be valid if required fields are provided">
    </testcase>
    <testcase name="User 3. User should be invalid if maximum number of notes is exceeded" time="0.011" classname="3. User should be invalid if maximum number of notes is exceeded">
    </testcase>
    <testcase name="User 4. User should be valid if maximum number of notes is not exceeded" time="0.018" classname="4. User should be valid if maximum number of notes is not exceeded">
    </testcase>
  </testsuite>
</testsuites>