
[0m[0m
[0m  Integration tests:[0m
[0m    Users[0m
ENTERED TAB VALIDATOR: 2
ENTERED TAB VALIDATOR: 3
ENTERED TAB VALIDATOR: 0
Successfully connected to database: NoteOrganizer_Testing
### TEST HELPER ###
Documents have been removed: {"ok":1,"n":3}
###################
[0mGET /api/users/userMailOne/tabs [32m200 [0m21.961 ms - 13[0m
    [32m  âœ“[0m[90m When getting tabs the data should be valid[0m[33m (51ms)[0m
[0mGET /api/users/userMailOne/notes [32m200 [0m11.321 ms - 398[0m
    [32m  âœ“[0m[90m When getting notes the data should be valid[0m
[0mPOST /api/users/userMailOne/tabs [33m409 [0m24.537 ms - 8[0m
    [32m  âœ“[0m[90m When posting tab already inside database it should return 409 status code[0m
ENTERED TAB VALIDATOR: 2
[0mPOST /api/users/userMailOne/tabs [32m200 [0m10.330 ms - 11[0m
    [32m  âœ“[0m[90m When posting valid tab it should return this tab[0m
[0mPOST /api/users/userMailOne/notes [32m200 [0m14.808 ms - 109[0m
    [32m  âœ“[0m[90m When posting valid note it should return this note with _id[0m


[92m [0m[32m 5 passing[0m[90m (215ms)[0m

