
[0m[0m
[0m  Note[0m
  [32m  âœ“[0m[90m 1. Note should be invalid if no title object provided[0m
  [32m  âœ“[0m[90m 2. Note should be invalid if undefined title object provided[0m
  [32m  âœ“[0m[90m 3. Note should be invalid if title string is empty[0m
  [32m  âœ“[0m[90m 4. Note should be invalid if title is too long[0m
  [32m  âœ“[0m[90m 5. Note should be invalid if content is too long[0m
  [32m  âœ“[0m[90m 6. Note should be valid if title is correct[0m
  [32m  âœ“[0m[90m 7. Note should be valid if content is correct[0m


[92m [0m[32m 7 passing[0m[90m (48ms)[0m

