
[0m[0m
[0m  Note[0m
  [32m  âœ“[0m[90m 1. Note should be invalid if no title object provided[0m
  [32m  âœ“[0m[90m 2. Note should be invalid if title string is empty[0m
  [32m  âœ“[0m[90m 3. Note should be invalid if title is too long[0m
  [32m  âœ“[0m[90m 4. Note should be invalid if content is too long[0m
  [32m  âœ“[0m[90m 5. Note should be valid if title is correct[0m
  [32m  âœ“[0m[90m 6. Note should be valid if content is correct[0m
  [32m  âœ“[0m[90m 7. Note should have the correct default tab set[0m
  [32m  âœ“[0m[90m 8. Note should have the date automatically set[0m

[0m  User[0m
  [32m  âœ“[0m[90m 1. User should be invalid if required fields are missing[0m
  [32m  âœ“[0m[90m 2. User should be valid if required fields are provided[0m
  [32m  âœ“[0m[90m 3. User should be invalid if maximum number of notes is exceeded[0m
  [32m  âœ“[0m[90m 4. User should be valid if maximum number of notes is not exceeded[0m
  [32m  âœ“[0m[90m 5. User should be valid if maximum number of tabs is not exceeded[0m
  [32m  âœ“[0m[90m 6. User should be invalid if maximum number of tabs has exceeded[0m


[92m [0m[32m 14 passing[0m[90m (63ms)[0m

